<?xml version="1.0" encoding="UTF-8"?>
<testng-results ignored="0" total="2" passed="2" failed="0" skipped="0">
  <reporter-output>
  </reporter-output>
  <suite started-at="2023-04-13T05:24:04 TRT" name="Default suite" finished-at="2023-04-13T05:24:07 TRT" duration-ms="3632">
    <groups>
    </groups>
    <test started-at="2023-04-13T05:24:04 TRT" name="Default test" finished-at="2023-04-13T05:24:07 TRT" duration-ms="3632">
      <class name="MyTestCases">
        <test-method is-config="true" signature="MyBeforeTest()[pri:0, instance:MyTestCases@18388a3c]" started-at="2023-04-13T05:24:04 TRT" name="MyBeforeTest" finished-at="2023-04-13T05:24:07 TRT" duration-ms="3374" status="PASS">
          <reporter-output>
          </reporter-output>
        </test-method> <!-- MyBeforeTest -->
        <test-method signature="TestContactNumbers()[pri:0, instance:MyTestCases@18388a3c]" started-at="2023-04-13T05:24:07 TRT" name="TestContactNumbers" finished-at="2023-04-13T05:24:07 TRT" duration-ms="34" status="PASS">
          <reporter-output>
          </reporter-output>
        </test-method> <!-- TestContactNumbers -->
        <test-method signature="TestDefaultCurrency()[pri:0, instance:MyTestCases@18388a3c]" started-at="2023-04-13T05:24:07 TRT" name="TestDefaultCurrency" finished-at="2023-04-13T05:24:07 TRT" duration-ms="23" status="PASS">
          <reporter-output>
          </reporter-output>
        </test-method> <!-- TestDefaultCurrency -->
        <test-method is-config="true" signature="AfterTest()[pri:0, instance:MyTestCases@18388a3c]" started-at="2023-04-13T05:24:07 TRT" name="AfterTest" finished-at="2023-04-13T05:24:07 TRT" duration-ms="173" status="PASS">
          <reporter-output>
          </reporter-output>
        </test-method> <!-- AfterTest -->
      </class> <!-- MyTestCases -->
    </test> <!-- Default test -->
  </suite> <!-- Default suite -->
</testng-results>
